<?xml version="1.0" encoding="UTF-8"?>
<testng-results ignored="0" total="1" passed="1" failed="0" skipped="0">
  <reporter-output>
  </reporter-output>
  <suite started-at="2018-08-26T06:12:57Z" name="Default suite" finished-at="2018-08-26T06:13:12Z" duration-ms="15142">
    <groups>
    </groups>
    <test started-at="2018-08-26T06:12:57Z" name="Default test" finished-at="2018-08-26T06:13:12Z" duration-ms="15142">
      <class name="sampleGit.Sampletest">
        <test-method signature="login()[pri:0, instance:sampleGit.Sampletest@73e22a3d]" started-at="2018-08-26T06:12:57Z" name="login" finished-at="2018-08-26T06:13:12Z" duration-ms="15110" status="PASS">
          <reporter-output>
          </reporter-output>
        </test-method> <!-- login -->
      </class> <!-- sampleGit.Sampletest -->
    </test> <!-- Default test -->
  </suite> <!-- Default suite -->
</testng-results>
